[    2235ms] [ERROR] Loading the script 'https://www.gstatic.com/cv/js/sender/v1/cast_sender.js?loadCastFramework=1' violates the following Content Security Policy directive: "script-src 'self' 'unsafe-inline' 'unsafe-eval' 'wasm-unsafe-eval' https://*.maze.co https://cdn-cookieyes.com https://cdn.amplitude.com https://cdn.segment.com https://www.google-analytics.com https://*.googletagmanager.com https://pagead2.googlesyndication.com https://googleads.g.doubleclick.net https://www.googleadservices.com https://connect.facebook.net https://*.clickagy.com https://*.cdnjs.network https://bat.bing.com https://static.ads-twitter.com https://snap.licdn.com https://*.twitter.com https://*.zoominfo.com https://js.zi-scripts.com https://extend.vimeocdn.com https://*.chilipiper.com https://mazedesign.widget.insent.ai https://*.cloudfront.net *.hs-scripts.com *.hsadspixel.net *.hs-analytics.net js.hscta.net *.hubspot.com *.hubspot.net static.hsappstatic.net *.usemessages.com *.hs-banner.com *.hscollectedforms.net *.hsleadflows.net *.hsforms.net *.hsforms.com *.hubspotfeedback.com feedback.hubapi.com https://www.google.com/recaptcha/ https://www.gstatic.com/recaptcha/ https://code.tidio.co https://widget-v4.tidiochat.com https://app.spara.co https://*.arcade.software https://*.apollo.io https://netlify-cdp-loader.netlify.app blob:". Note that 'script-src-elem' was not explicitly set, so 'script-src' is used as a fallback. The action has been blocked. @ https://maze.co/app-9bf320accf326abafd0e.js:64
[    2612ms] [WARNING] Media Chrome: No style sheet found on style tag of JSHandle@node @ https://maze.co/1979b77c-5103714a0abade3251ae.js:0
[    2615ms] [WARNING] Media Chrome: No style sheet found on style tag of JSHandle@node @ https://maze.co/1979b77c-5103714a0abade3251ae.js:0
[    2618ms] [WARNING] Media Chrome: No style sheet found on style tag of JSHandle@node @ https://maze.co/1979b77c-5103714a0abade3251ae.js:0
[    2620ms] [WARNING] Media Chrome: No style sheet found on style tag of JSHandle@node @ https://maze.co/1979b77c-5103714a0abade3251ae.js:0
[    2624ms] Error: Minified React error #421; visit https://reactjs.org/docs/error-decoder.html?invariant=421 for the full message or use the non-minified dev environment for full errors and additional helpful warnings.
    at https://maze.co/framework-131f9faa2dbc029e3c01.js:2:91501
    at Uu (https://maze.co/framework-131f9faa2dbc029e3c01.js:2:91775)
    at Ei (https://maze.co/framework-131f9faa2dbc029e3c01.js:2:133029)
    at ks (https://maze.co/framework-131f9faa2dbc029e3c01.js:2:120396)
    at ys (https://maze.co/framework-131f9faa2dbc029e3c01.js:2:120324)
    at gs (https://maze.co/framework-131f9faa2dbc029e3c01.js:2:120187)
    at ss (https://maze.co/framework-131f9faa2dbc029e3c01.js:2:117349)
    at jl (https://maze.co/framework-131f9faa2dbc029e3c01.js:2:58501)
    at https://maze.co/framework-131f9faa2dbc029e3c01.js:2:123734
    at Ss (https://maze.co/framework-131f9faa2dbc029e3c01.js:2:123739)
[    2624ms] Error: Minified React error #421; visit https://reactjs.org/docs/error-decoder.html?invariant=421 for the full message or use the non-minified dev environment for full errors and additional helpful warnings.
    at https://maze.co/framework-131f9faa2dbc029e3c01.js:2:91501
    at Uu (https://maze.co/framework-131f9faa2dbc029e3c01.js:2:91775)
    at Ei (https://maze.co/framework-131f9faa2dbc029e3c01.js:2:133029)
    at ks (https://maze.co/framework-131f9faa2dbc029e3c01.js:2:120396)
    at ys (https://maze.co/framework-131f9faa2dbc029e3c01.js:2:120324)
    at gs (https://maze.co/framework-131f9faa2dbc029e3c01.js:2:120187)
    at ss (https://maze.co/framework-131f9faa2dbc029e3c01.js:2:117349)
    at jl (https://maze.co/framework-131f9faa2dbc029e3c01.js:2:58501)
    at https://maze.co/framework-131f9faa2dbc029e3c01.js:2:123734
    at Ss (https://maze.co/framework-131f9faa2dbc029e3c01.js:2:123739)
[    2624ms] Error: Minified React error #421; visit https://reactjs.org/docs/error-decoder.html?invariant=421 for the full message or use the non-minified dev environment for full errors and additional helpful warnings.
    at https://maze.co/framework-131f9faa2dbc029e3c01.js:2:91501
    at Uu (https://maze.co/framework-131f9faa2dbc029e3c01.js:2:91775)
    at Ei (https://maze.co/framework-131f9faa2dbc029e3c01.js:2:133029)
    at ks (https://maze.co/framework-131f9faa2dbc029e3c01.js:2:120396)
    at ys (https://maze.co/framework-131f9faa2dbc029e3c01.js:2:120324)
    at gs (https://maze.co/framework-131f9faa2dbc029e3c01.js:2:120187)
    at ss (https://maze.co/framework-131f9faa2dbc029e3c01.js:2:117349)
    at jl (https://maze.co/framework-131f9faa2dbc029e3c01.js:2:58501)
    at https://maze.co/framework-131f9faa2dbc029e3c01.js:2:123734
    at Ss (https://maze.co/framework-131f9faa2dbc029e3c01.js:2:123739)
[    2624ms] Error: Minified React error #421; visit https://reactjs.org/docs/error-decoder.html?invariant=421 for the full message or use the non-minified dev environment for full errors and additional helpful warnings.
    at https://maze.co/framework-131f9faa2dbc029e3c01.js:2:91501
    at Uu (https://maze.co/framework-131f9faa2dbc029e3c01.js:2:91775)
    at Ei (https://maze.co/framework-131f9faa2dbc029e3c01.js:2:133029)
    at ks (https://maze.co/framework-131f9faa2dbc029e3c01.js:2:120396)
    at ys (https://maze.co/framework-131f9faa2dbc029e3c01.js:2:120324)
    at gs (https://maze.co/framework-131f9faa2dbc029e3c01.js:2:120187)
    at ss (https://maze.co/framework-131f9faa2dbc029e3c01.js:2:117349)
    at jl (https://maze.co/framework-131f9faa2dbc029e3c01.js:2:58501)
    at https://maze.co/framework-131f9faa2dbc029e3c01.js:2:123734
    at Ss (https://maze.co/framework-131f9faa2dbc029e3c01.js:2:123739)
[    2624ms] Error: Minified React error #421; visit https://reactjs.org/docs/error-decoder.html?invariant=421 for the full message or use the non-minified dev environment for full errors and additional helpful warnings.
    at https://maze.co/framework-131f9faa2dbc029e3c01.js:2:91501
    at Uu (https://maze.co/framework-131f9faa2dbc029e3c01.js:2:91775)
    at Ei (https://maze.co/framework-131f9faa2dbc029e3c01.js:2:133029)
    at ks (https://maze.co/framework-131f9faa2dbc029e3c01.js:2:120396)
    at ys (https://maze.co/framework-131f9faa2dbc029e3c01.js:2:120324)
    at gs (https://maze.co/framework-131f9faa2dbc029e3c01.js:2:120187)
    at ss (https://maze.co/framework-131f9faa2dbc029e3c01.js:2:117349)
    at jl (https://maze.co/framework-131f9faa2dbc029e3c01.js:2:58501)
    at https://maze.co/framework-131f9faa2dbc029e3c01.js:2:123734
    at Ss (https://maze.co/framework-131f9faa2dbc029e3c01.js:2:123739)
[    2625ms] Error: Minified React error #421; visit https://reactjs.org/docs/error-decoder.html?invariant=421 for the full message or use the non-minified dev environment for full errors and additional helpful warnings.
    at https://maze.co/framework-131f9faa2dbc029e3c01.js:2:91501
    at Uu (https://maze.co/framework-131f9faa2dbc029e3c01.js:2:91775)
    at Ei (https://maze.co/framework-131f9faa2dbc029e3c01.js:2:133029)
    at ks (https://maze.co/framework-131f9faa2dbc029e3c01.js:2:120396)
    at ys (https://maze.co/framework-131f9faa2dbc029e3c01.js:2:120324)
    at gs (https://maze.co/framework-131f9faa2dbc029e3c01.js:2:120187)
    at ss (https://maze.co/framework-131f9faa2dbc029e3c01.js:2:117349)
    at jl (https://maze.co/framework-131f9faa2dbc029e3c01.js:2:58501)
    at https://maze.co/framework-131f9faa2dbc029e3c01.js:2:123734
    at Ss (https://maze.co/framework-131f9faa2dbc029e3c01.js:2:123739)
[    2625ms] Error: Minified React error #421; visit https://reactjs.org/docs/error-decoder.html?invariant=421 for the full message or use the non-minified dev environment for full errors and additional helpful warnings.
    at https://maze.co/framework-131f9faa2dbc029e3c01.js:2:91501
    at Uu (https://maze.co/framework-131f9faa2dbc029e3c01.js:2:91775)
    at Ei (https://maze.co/framework-131f9faa2dbc029e3c01.js:2:133029)
    at ks (https://maze.co/framework-131f9faa2dbc029e3c01.js:2:120396)
    at ys (https://maze.co/framework-131f9faa2dbc029e3c01.js:2:120324)
    at gs (https://maze.co/framework-131f9faa2dbc029e3c01.js:2:120187)
    at ss (https://maze.co/framework-131f9faa2dbc029e3c01.js:2:117349)
    at jl (https://maze.co/framework-131f9faa2dbc029e3c01.js:2:58501)
    at https://maze.co/framework-131f9faa2dbc029e3c01.js:2:123734
    at Ss (https://maze.co/framework-131f9faa2dbc029e3c01.js:2:123739)
[    2687ms] Error: Minified React error #421; visit https://reactjs.org/docs/error-decoder.html?invariant=421 for the full message or use the non-minified dev environment for full errors and additional helpful warnings.
    at https://maze.co/framework-131f9faa2dbc029e3c01.js:2:91501
    at Uu (https://maze.co/framework-131f9faa2dbc029e3c01.js:2:91775)
    at Ei (https://maze.co/framework-131f9faa2dbc029e3c01.js:2:133029)
    at ks (https://maze.co/framework-131f9faa2dbc029e3c01.js:2:120396)
    at ys (https://maze.co/framework-131f9faa2dbc029e3c01.js:2:120324)
    at gs (https://maze.co/framework-131f9faa2dbc029e3c01.js:2:120187)
    at ss (https://maze.co/framework-131f9faa2dbc029e3c01.js:2:117349)
    at jl (https://maze.co/framework-131f9faa2dbc029e3c01.js:2:58501)
    at https://maze.co/framework-131f9faa2dbc029e3c01.js:2:114977
[    3105ms] [WARNING] Unable to locate Google Analytics gtag function. @ https://extend.vimeocdn.com/ga4/142778769.js:1
